<?xml version="1.0" encoding="UTF-8"?>
<testng-results skipped="0" failed="0" total="1" passed="1">
  <reporter-output>
  </reporter-output>
  <suite name="Suite" duration-ms="24150" started-at="2016-11-23T04:09:07Z" finished-at="2016-11-23T04:09:31Z">
    <groups>
    </groups>
    <test name="Test" duration-ms="24150" started-at="2016-11-23T04:09:07Z" finished-at="2016-11-23T04:09:31Z">
      <class name="trygetgethubjenkins.test1">
        <test-method status="PASS" signature="testmethod()[pri:0, instance:trygetgethubjenkins.test1@10d58f09]" name="testmethod" duration-ms="24122" started-at="2016-11-23T09:39:07Z" finished-at="2016-11-23T09:39:31Z">
          <reporter-output>
          </reporter-output>
        </test-method> <!-- testmethod -->
      </class> <!-- trygetgethubjenkins.test1 -->
    </test> <!-- Test -->
  </suite> <!-- Suite -->
</testng-results>
